# JRE version: Java(TM) SE Runtime Environment (8.0_251-b08) (build 1.8.0_251-b08)
# Java VM: Java HotSpot(TM) 64-Bit Server VM (25.251-b08 mixed mode windows-amd64 compressed oops)
Heap:
 PSYoungGen      total 634880K, used 300838K [0x00000000d6e00000, 0x0000000100000000, 0x0000000100000000)
  eden space 612352K, 45% used [0x00000000d6e00000,0x00000000e7e00238,0x00000000fc400000)
  from space 22528K, 99% used [0x00000000fc400000,0x00000000fd9c99c0,0x00000000fda00000)
  to   space 32768K, 0% used [0x00000000fe000000,0x00000000fe000000,0x0000000100000000)
 ParOldGen       total 104448K, used 39995K [0x0000000084a00000, 0x000000008b000000, 0x00000000d6e00000)
  object space 104448K, 38% used [0x0000000084a00000,0x000000008710ee08,0x000000008b000000)
 Metaspace       used 60404K, capacity 61886K, committed 61952K, reserved 1103872K
  class space    used 7818K, capacity 8141K, committed 8192K, reserved 1048576K
GC Heap History (10 events):
Event: 471.997 GC heap before
{Heap before GC invocations=20 (full 4):
 PSYoungGen      total 645120K, used 3337K [0x00000000d6e00000, 0x0000000100000000, 0x0000000100000000)
  eden space 616448K, 0% used [0x00000000d6e00000,0x00000000d6e00000,0x00000000fc800000)
  from space 28672K, 11% used [0x00000000fe400000,0x00000000fe7427d0,0x0000000100000000)
  to   space 28672K, 0% used [0x00000000fc800000,0x00000000fc800000,0x00000000fe400000)
 ParOldGen       total 104448K, used 40649K [0x0000000084a00000, 0x000000008b000000, 0x00000000d6e00000)
  object space 104448K, 38% used [0x0000000084a00000,0x00000000871b26d8,0x000000008b000000)
 Metaspace       used 58461K, capacity 59730K, committed 60032K, reserved 1101824K
  class space    used 7684K, capacity 7975K, committed 8064K, reserved 1048576K
Event: 473.136 GC heap after
Heap after GC invocations=20 (full 4):
 PSYoungGen      total 645120K, used 0K [0x00000000d6e00000, 0x0000000100000000, 0x0000000100000000)
  eden space 616448K, 0% used [0x00000000d6e00000,0x00000000d6e00000,0x00000000fc800000)
  from space 28672K, 0% used [0x00000000fe400000,0x00000000fe400000,0x0000000100000000)
  to   space 28672K, 0% used [0x00000000fc800000,0x00000000fc800000,0x00000000fe400000)
 ParOldGen       total 104448K, used 39769K [0x0000000084a00000, 0x000000008b000000, 0x00000000d6e00000)
  object space 104448K, 38% used [0x0000000084a00000,0x00000000870d6530,0x000000008b000000)
 Metaspace       used 58461K, capacity 59730K, committed 60032K, reserved 1101824K
  class space    used 7684K, capacity 7975K, committed 8064K, reserved 1048576K
}
Event: 480.244 GC heap before
{Heap before GC invocations=21 (full 4):
 PSYoungGen      total 645120K, used 616448K [0x00000000d6e00000, 0x0000000100000000, 0x0000000100000000)
  eden space 616448K, 100% used [0x00000000d6e00000,0x00000000fc800000,0x00000000fc800000)
  from space 28672K, 0% used [0x00000000fe400000,0x00000000fe400000,0x0000000100000000)
  to   space 28672K, 0% used [0x00000000fc800000,0x00000000fc800000,0x00000000fe400000)
 ParOldGen       total 104448K, used 39769K [0x0000000084a00000, 0x000000008b000000, 0x00000000d6e00000)
  object space 104448K, 38% used [0x0000000084a00000,0x00000000870d6530,0x000000008b000000)
 Metaspace       used 58899K, capacity 60244K, committed 60288K, reserved 1101824K
  class space    used 7719K, capacity 8028K, committed 8064K, reserved 1048576K
Event: 480.314 GC heap after
Heap after GC invocations=21 (full 4):
 PSYoungGen      total 638976K, used 22367K [0x00000000d6e00000, 0x0000000100000000, 0x0000000100000000)
  eden space 616448K, 0% used [0x00000000d6e00000,0x00000000d6e00000,0x00000000fc800000)
  from space 22528K, 99% used [0x00000000fc800000,0x00000000fddd7f18,0x00000000fde00000)
  to   space 30720K, 0% used [0x00000000fe200000,0x00000000fe200000,0x0000000100000000)
 ParOldGen       total 104448K, used 39777K [0x0000000084a00000, 0x000000008b000000, 0x00000000d6e00000)
  object space 104448K, 38% used [0x0000000084a00000,0x00000000870d8530,0x000000008b000000)
 Metaspace       used 58899K, capacity 60244K, committed 60288K, reserved 1101824K
  class space    used 7719K, capacity 8028K, committed 8064K, reserved 1048576K
}
Event: 992.737 GC heap before
{Heap before GC invocations=22 (full 4):
 PSYoungGen      total 638976K, used 419212K [0x00000000d6e00000, 0x0000000100000000, 0x0000000100000000)
  eden space 616448K, 64% used [0x00000000d6e00000,0x00000000ef18b2b8,0x00000000fc800000)
  from space 22528K, 99% used [0x00000000fc800000,0x00000000fddd7f18,0x00000000fde00000)
  to   space 30720K, 0% used [0x00000000fe200000,0x00000000fe200000,0x0000000100000000)
 ParOldGen       total 104448K, used 39777K [0x0000000084a00000, 0x000000008b000000, 0x00000000d6e00000)
  object space 104448K, 38% used [0x0000000084a00000,0x00000000870d8530,0x000000008b000000)
 Metaspace       used 59461K, capacity 60870K, committed 61056K, reserved 1101824K
  class space    used 7753K, capacity 8064K, committed 8064K, reserved 1048576K
Event: 992.774 GC heap after
Heap after GC invocations=22 (full 4):
 PSYoungGen      total 643072K, used 3284K [0x00000000d6e00000, 0x0000000100000000, 0x0000000100000000)
  eden space 612352K, 0% used [0x00000000d6e00000,0x00000000d6e00000,0x00000000fc400000)
  from space 30720K, 10% used [0x00000000fe200000,0x00000000fe535028,0x0000000100000000)
  to   space 30720K, 0% used [0x00000000fc400000,0x00000000fc400000,0x00000000fe200000)
 ParOldGen       total 104448K, used 39785K [0x0000000084a00000, 0x000000008b000000, 0x00000000d6e00000)
  object space 104448K, 38% used [0x0000000084a00000,0x00000000870da530,0x000000008b000000)
 Metaspace       used 59461K, capacity 60870K, committed 61056K, reserved 1101824K
  class space    used 7753K, capacity 8064K, committed 8064K, reserved 1048576K
}
Event: 992.774 GC heap before
{Heap before GC invocations=23 (full 5):
 PSYoungGen      total 643072K, used 3284K [0x00000000d6e00000, 0x0000000100000000, 0x0000000100000000)
  eden space 612352K, 0% used [0x00000000d6e00000,0x00000000d6e00000,0x00000000fc400000)
  from space 30720K, 10% used [0x00000000fe200000,0x00000000fe535028,0x0000000100000000)
  to   space 30720K, 0% used [0x00000000fc400000,0x00000000fc400000,0x00000000fe200000)
 ParOldGen       total 104448K, used 39785K [0x0000000084a00000, 0x000000008b000000, 0x00000000d6e00000)
  object space 104448K, 38% used [0x0000000084a00000,0x00000000870da530,0x000000008b000000)
 Metaspace       used 59461K, capacity 60870K, committed 61056K, reserved 1101824K
  class space    used 7753K, capacity 8064K, committed 8064K, reserved 1048576K
Event: 993.661 GC heap after
Heap after GC invocations=23 (full 5):
 PSYoungGen      total 643072K, used 0K [0x00000000d6e00000, 0x0000000100000000, 0x0000000100000000)
  eden space 612352K, 0% used [0x00000000d6e00000,0x00000000d6e00000,0x00000000fc400000)
  from space 30720K, 0% used [0x00000000fe200000,0x00000000fe200000,0x0000000100000000)
  to   space 30720K, 0% used [0x00000000fc400000,0x00000000fc400000,0x00000000fe200000)
 ParOldGen       total 104448K, used 39987K [0x0000000084a00000, 0x000000008b000000, 0x00000000d6e00000)
  object space 104448K, 38% used [0x0000000084a00000,0x000000008710ce08,0x000000008b000000)
 Metaspace       used 59459K, capacity 60864K, committed 61056K, reserved 1101824K
  class space    used 7753K, capacity 8062K, committed 8064K, reserved 1048576K
}
Event: 1000.276 GC heap before
{Heap before GC invocations=24 (full 5):
 PSYoungGen      total 643072K, used 612352K [0x00000000d6e00000, 0x0000000100000000, 0x0000000100000000)
  eden space 612352K, 100% used [0x00000000d6e00000,0x00000000fc400000,0x00000000fc400000)
  from space 30720K, 0% used [0x00000000fe200000,0x00000000fe200000,0x0000000100000000)
  to   space 30720K, 0% used [0x00000000fc400000,0x00000000fc400000,0x00000000fe200000)
 ParOldGen       total 104448K, used 39987K [0x0000000084a00000, 0x000000008b000000, 0x00000000d6e00000)
  object space 104448K, 38% used [0x0000000084a00000,0x000000008710ce08,0x000000008b000000)
 Metaspace       used 59858K, capacity 61330K, committed 61440K, reserved 1101824K
  class space    used 7784K, capacity 8107K, committed 8192K, reserved 1048576K
Event: 1000.315 GC heap after
Heap after GC invocations=24 (full 5):
 PSYoungGen      total 634880K, used 22310K [0x00000000d6e00000, 0x0000000100000000, 0x0000000100000000)
  eden space 612352K, 0% used [0x00000000d6e00000,0x00000000d6e00000,0x00000000fc400000)
  from space 22528K, 99% used [0x00000000fc400000,0x00000000fd9c99c0,0x00000000fda00000)
  to   space 32768K, 0% used [0x00000000fe000000,0x00000000fe000000,0x0000000100000000)
 ParOldGen       total 104448K, used 39995K [0x0000000084a00000, 0x000000008b000000, 0x00000000d6e00000)
  object space 104448K, 38% used [0x0000000084a00000,0x000000008710ee08,0x000000008b000000)
 Metaspace       used 59858K, capacity 61330K, committed 61440K, reserved 1101824K
  class space    used 7784K, capacity 8107K, committed 8192K, reserved 1048576K
}

